TN:
SF:babel.config.js
FN:1,Object.<anonymous>
FNF:1
FNH:1
FNDA:1,Object.<anonymous>
DA:1,1
DA:2,1
DA:3,1
LF:3
LH:3
BRDA:1,0,0,1
BRDA:1,1,0,1
BRF:2
BRH:2
end_of_record
TN:
SF:src/matchers.ts
FN:3,isJsxPragma
FN:14,isScopedModule
FNF:2
FNH:2
FNDA:14,isJsxPragma
FNDA:10,isScopedModule
DA:1,1
DA:2,1
DA:3,1
DA:4,14
DA:5,14
DA:6,3
DA:7,1
DA:8,1
DA:9,1
DA:10,14
DA:11,14
DA:12,14
DA:13,1
DA:14,1
DA:15,10
DA:16,10
LF:16
LH:16
BRDA:3,0,0,14
BRDA:5,1,0,3
BRDA:6,2,0,1
BRDA:14,3,0,10
BRF:4
BRH:4
end_of_record
TN:
SF:src/style.ts
FN:5,style
FNF:1
FNH:1
FNDA:1,style
DA:1,1
DA:2,1
DA:3,1
DA:4,1
DA:5,1
DA:6,1
DA:7,1
DA:8,1
DA:9,1
DA:10,1
DA:11,1
DA:12,1
DA:13,1
DA:14,1
DA:15,1
DA:16,1
DA:17,1
DA:18,1
DA:19,1
DA:20,1
DA:21,1
DA:22,1
DA:23,1
DA:24,1
DA:25,1
DA:26,1
DA:27,1
DA:28,1
DA:29,1
DA:30,1
DA:31,1
DA:32,1
DA:33,1
DA:34,1
DA:35,1
DA:36,1
DA:37,1
DA:38,1
DA:39,1
DA:40,1
DA:41,1
DA:42,1
DA:43,1
DA:44,1
DA:45,1
DA:46,1
DA:47,1
DA:48,1
DA:49,1
DA:50,1
DA:51,1
DA:52,1
DA:53,1
DA:54,1
DA:55,1
DA:56,1
DA:57,1
LF:57
LH:57
BRDA:5,0,0,1
BRF:1
BRH:1
end_of_record
TN:
SF:tests/sorter.ts
FN:8,sorter
FNF:1
FNH:1
FNDA:1,sorter
DA:1,1
DA:2,1
DA:3,1
DA:4,1
DA:5,1
DA:6,1
DA:7,1
DA:8,1
DA:9,1
DA:10,1
DA:11,1
DA:12,1
DA:13,1
DA:14,1
DA:15,1
DA:16,1
DA:17,1
DA:18,1
DA:19,1
DA:20,1
DA:21,1
DA:22,0
DA:23,0
DA:24,0
DA:25,0
DA:26,1
DA:27,1
DA:28,1
DA:29,1
LF:29
LH:25
BRDA:8,0,0,1
BRDA:16,1,0,0
BRDA:21,2,0,0
BRF:3
BRH:1
end_of_record
